C51 COMPILER V9.01   ADC0831                                                               09/08/2020 01:35:34 PAGE 1   


C51 COMPILER V9.01, COMPILATION OF MODULE ADC0831
OBJECT MODULE PLACED IN ADC0831.OBJ
COMPILER INVOKED BY: C:\Keil\C51\BIN\C51.EXE ADC0831.c DEBUG OBJECTEXTEND

line level    source

   1          
   2          #include "ADC0831.H"
   3          #include <AT89x51.h>
   4          
   5          sbit adc_CS1 = P0^2;
   6          sbit adc_CLK1 = P0^3;
   7          sbit adc_DATA1 = P0^4;
   8          
   9          sbit adc_CS2 = P0^5;
  10          sbit adc_CLK2 = P0^6;
  11          sbit adc_DATA2 = P0^7;
  12          void InitADC0831()
  13          {
  14   1              adc_CLK1 = 0;
  15   1              adc_CS1 = 1;
  16   1              adc_DATA1 = 1;
  17   1      
  18   1              adc_CLK2 = 0;
  19   1              adc_CS2 = 1;
  20   1              adc_DATA2 = 1;
  21   1      }
  22          
  23          unsigned char ReadADC08311()
  24          {
  25   1              unsigned char Data1;
  26   1              unsigned char i;
  27   1              adc_CS1 = 0;
  28   1              ;;;;;;;
  29   1              for(i = 0; i < 10; i ++)
  30   1              {
  31   2                      adc_CLK1 = 1;;;;;;;;
  32   2                      Data1 <<= 1;
  33   2                      Data1 |= adc_DATA1;
  34   2                      adc_CLK1 = 0;;;;;;;;
  35   2              }
  36   1              adc_CS1 = 1;
  37   1              return Data1;
  38   1      }
  39          
  40          unsigned char ReadADC08312()
  41          {
  42   1              unsigned char Data2;
  43   1              unsigned char i;
  44   1              adc_CS2 = 0;
  45   1              ;;;;;;;
  46   1              for(i = 0; i < 10; i ++)
  47   1              {
  48   2                      adc_CLK2 = 1;;;;;;;;
  49   2                      Data2 <<= 1;
  50   2                      Data2 |= adc_DATA2;
  51   2                      adc_CLK2 = 0;;;;;;;;
  52   2              }
  53   1              adc_CS2 = 1;
  54   1              return Data2;
  55   1      }
C51 COMPILER V9.01   ADC0831                                                               09/08/2020 01:35:34 PAGE 2   



MODULE INFORMATION:   STATIC OVERLAYABLE
   CODE SIZE        =     63    ----
   CONSTANT SIZE    =   ----    ----
   XDATA SIZE       =   ----    ----
   PDATA SIZE       =   ----    ----
   DATA SIZE        =   ----    ----
   IDATA SIZE       =   ----    ----
   BIT SIZE         =   ----    ----
END OF MODULE INFORMATION.


C51 COMPILATION COMPLETE.  0 WARNING(S),  0 ERROR(S)
