C51 COMPILER V9.01   MAIN                                                                  09/08/2020 01:35:34 PAGE 1   


C51 COMPILER V9.01, COMPILATION OF MODULE MAIN
OBJECT MODULE PLACED IN Main.OBJ
COMPILER INVOKED BY: C:\Keil\C51\BIN\C51.EXE Main.c DEBUG OBJECTEXTEND

line level    source

   1          
   2          #include <AT89x51.h>
   3          #include <stdio.h>
   4          #include "ADC0831.h"
   5          #include "lcd4bit.h"
   6          
   7          void InitSystem()
   8          {
   9   1              InitADC0831();
  10   1              init_lcd();
  11   1              gotoxy_lcd(1, 1);
  12   1      }
  13          void delay()
  14          {
  15   1       int i,j;
  16   1       for(i=0;i<200;i++)
  17   1       {
  18   2        for(j=0;j<1000;j++)
  19   2        {}
  20   2       }
  21   1      }
  22          void main()
  23          {
  24   1              unsigned char i1;
  25   1              unsigned char Msg1[20];
  26   1              unsigned int AverageValue1;
  27   1              unsigned char Sample1[5] = {0, 0, 0, 0, 0};
  28   1      
  29   1              unsigned char i2;
  30   1              unsigned char Msg2[20];
  31   1              unsigned int AverageValue2;
  32   1              unsigned char Sample2[5] = {0, 0, 0, 0, 0};
  33   1      
  34   1              InitSystem();
  35   1              while(1)
  36   1              {
  37   2                      AverageValue1 = 0;
  38   2                      for(i1 = 4; i1 > 0; i1 --)
  39   2                      {
  40   3                              Sample1[i1] = Sample1[i1 - 1];
  41   3                              AverageValue1 += Sample1[i1];
  42   3                      }
  43   2                      Sample1[0] = ReadADC08311();
*** WARNING C206 IN LINE 43 OF MAIN.C: 'ReadADC08311': missing function-prototype
  44   2                      AverageValue1 += Sample1[0];
  45   2                      AverageValue1 /= 5;
  46   2      
  47   2                              AverageValue2 = 0;
  48   2                      for(i2 = 4; i2 > 0; i2 --)
  49   2                      {
  50   3                              Sample2[i2] = Sample2[i2 - 1];
  51   3                              AverageValue2 += Sample2[i2];
  52   3                      }
  53   2                      Sample2[0] = ReadADC08312();
*** WARNING C206 IN LINE 53 OF MAIN.C: 'ReadADC08312': missing function-prototype
C51 COMPILER V9.01   MAIN                                                                  09/08/2020 01:35:34 PAGE 2   

  54   2                      AverageValue2 += Sample2[0];
  55   2                      AverageValue2 /= 5;
  56   2                      sprintf(Msg1, "     ADC1=%d", AverageValue1);
  57   2                      gotoxy_lcd(1, 1);
  58   2                      print_lcd(Msg1);
  59   2                      sprintf(Msg2, "     ADC2=%d", AverageValue2);
  60   2                      gotoxy_lcd(1, 2);
  61   2                      print_lcd(Msg2);
  62   2                      delay();
  63   2              
  64   2              }
  65   1      }
  66          


MODULE INFORMATION:   STATIC OVERLAYABLE
   CODE SIZE        =    297    ----
   CONSTANT SIZE    =     36    ----
   XDATA SIZE       =   ----    ----
   PDATA SIZE       =   ----    ----
   DATA SIZE        =   ----      54
   IDATA SIZE       =   ----    ----
   BIT SIZE         =   ----    ----
END OF MODULE INFORMATION.


C51 COMPILATION COMPLETE.  2 WARNING(S),  0 ERROR(S)
