C51 COMPILER V9.01   SOURCE                                                                09/08/2020 02:02:32 PAGE 1   


C51 COMPILER V9.01, COMPILATION OF MODULE SOURCE
OBJECT MODULE PLACED IN source.OBJ
COMPILER INVOKED BY: C:\Keil\C51\BIN\C51.EXE source.c BROWSE DEBUG OBJECTEXTEND

line level    source

   1          #include<reg52.h>
   2          #include<stdio.h>
   3          
   4          void delay(void);
   5          
   6          sbit motor_pin_1 = P2^0;
   7          sbit motor_pin_2 = P2^1;
   8          sbit motor_pin_3 = P2^2;
   9          sbit motor_pin_4 = P2^3;
  10          sbit motor_pin_5 = P2^4;
  11          sbit motor_pin_6 = P2^5;
  12          sbit motor_pin_7 = P2^6;
  13          sbit motor_pin_8 = P2^7;
  14          void main()
  15          {
  16   1       do
  17   1       {
  18   2         motor_pin_1 = 1;
  19   2               motor_pin_2 = 0; //Rotates Motor Anit Clockwise
  20   2                motor_pin_3 = 1;
  21   2               motor_pin_4 = 0; //Rotates Motor Anit Clockwise
  22   2               motor_pin_5 = 1;
  23   2               motor_pin_6 = 0; //Rotates Motor Anit Clockwise
  24   2                motor_pin_7 = 1;
  25   2               motor_pin_8 = 0; //Rotates Motor Anit Clockwise
  26   2               delay();
  27   2               motor_pin_1 = 1;
  28   2               motor_pin_2 = 1; //Stops Motor
  29   2                       motor_pin_3 = 1;
  30   2               motor_pin_4 = 1; //Stops Motor
  31   2                motor_pin_5 = 1;
  32   2               motor_pin_6 = 1; //Stops Motor
  33   2                       motor_pin_7 = 1;
  34   2               motor_pin_8 = 1; //Stops Motor
  35   2               delay();
  36   2               motor_pin_1 = 0;
  37   2               motor_pin_2 = 1; //Rotates Motor Clockwise
  38   2                motor_pin_3 = 0;
  39   2               motor_pin_4 = 1; //Rotates Motor Clockwise
  40   2                motor_pin_5 = 0;
  41   2               motor_pin_6 = 1; //Rotates Motor Clockwise
  42   2                motor_pin_7 = 0;
  43   2               motor_pin_8 = 1; //Rotates Motor Clockwise
  44   2               delay();
  45   2               motor_pin_1 = 0;
  46   2               motor_pin_2 = 0; //Stops Motor
  47   2                       motor_pin_3 = 0;
  48   2               motor_pin_4 = 0; //Stops Motor
  49   2                       motor_pin_5 = 0;
  50   2               motor_pin_6 = 0; //Stops Motor
  51   2                       motor_pin_7 = 0;
  52   2               motor_pin_8 = 0; //Stops Motor
  53   2               delay();
  54   2      
  55   2       }while(1);
C51 COMPILER V9.01   SOURCE                                                                09/08/2020 02:02:32 PAGE 2   

  56   1      
  57   1      }
  58          
  59          void delay()
  60          {
  61   1       int i,j;
  62   1       for(i=0;i<1000;i++)
  63   1       {
  64   2        for(j=0;j<1000;j++)
  65   2        {}
  66   2       }
  67   1      }


MODULE INFORMATION:   STATIC OVERLAYABLE
   CODE SIZE        =    107    ----
   CONSTANT SIZE    =   ----    ----
   XDATA SIZE       =   ----    ----
   PDATA SIZE       =   ----    ----
   DATA SIZE        =   ----    ----
   IDATA SIZE       =   ----    ----
   BIT SIZE         =   ----    ----
END OF MODULE INFORMATION.


C51 COMPILATION COMPLETE.  0 WARNING(S),  0 ERROR(S)
